<?xml version="1.0" encoding="UTF-8" ?>
<testsuite tests="4" failures="0" name="com.lzt.crowd.test.CrowdTest" time="1.374" errors="0" skipped="0">
  <properties>
[...]
</properties>
  <testcase classname="com.lzt.crowd.test.CrowdTest" name="testConnection" time="1.292"/>
  <testcase classname="com.lzt.crowd.test.CrowdTest" name="testTx" time="0"/>
  <testcase classname="com.lzt.crowd.test.CrowdTest" name="logTest" time="0.001"/>
  <testcase classname="com.lzt.crowd.test.CrowdTest" name="testMapper" time="0.081"/>
</testsuite>